Net: 5
133 389 133 390
133 390 143 390
Net: 16
362 14 362 20
342 20 362 20
Net: 13
257 244 257 268
247 268 257 268
Net: 8
227 101 227 103
191 103 227 103
Net: 14
262 317 262 337
244 337 262 337
Net: 6
169 8 169 34
151 34 169 34
Net: 9
169 109 169 119
213 119 213 120
169 119 213 119
Net: 15
265 368 265 384
267 357 267 368
276 362 276 369
277 361 277 362
278 352 278 361
282 392 282 393
283 369 283 394
277 361 278 361
276 362 277 362
265 368 276 368
276 369 283 369
256 384 265 384
280 386 283 386
282 392 283 392
280 393 283 393
Net: 11
265 7 265 8
266 8 266 13
270 34 270 38
271 38 271 46
273 10 273 36
277 36 277 41
265 8 266 8
266 10 273 10
260 13 266 13
269 21 273 21
273 23 274 23
270 34 273 34
273 36 277 36
246 37 270 37
270 38 271 38
Net: 1
32 3 32 45
0 45 32 45
Net: 7
174 97 174 99
189 92 189 97
199 89 199 97
217 87 217 94
218 94 218 97
235 97 235 98
236 98 236 99
217 94 218 94
174 97 235 97
235 98 239 98
171 99 174 99
Net: 19
386 313 386 317
306 317 386 317
Net: 20
339 360 339 375
364 375 364 376
367 339 367 376
392 363 392 376
338 362 339 362
339 375 364 375
364 376 392 376
Net: 10
153 308 153 377
174 377 174 378
153 377 174 377
Net: 3
59 346 59 347
72 346 72 347
111 346 111 347
126 346 126 347
6 346 59 346
126 346 146 346
59 347 126 347
Net: 12
247 77 247 78
248 78 248 86
253 65 253 78
259 78 259 93
272 78 272 79
275 79 275 160
285 160 285 178
247 78 272 78
272 79 275 79
274 115 275 115
271 121 275 121
251 159 275 159
275 160 285 160
Net: 4
9 352 9 358
12 358 12 360
22 360 22 372
96 360 96 371
100 355 100 361
103 351 103 355
130 361 130 376
135 360 135 361
136 361 136 362
100 355 103 355
9 358 12 358
12 360 100 360
100 361 136 361
130 368 134 368
95 371 96 371
Net: 17
297 95 297 119
302 90 302 95
341 65 341 110
345 110 345 122
367 100 367 110
389 82 389 100
322 85 341 85
302 92 310 92
297 95 302 95
367 100 389 100
297 110 367 110
289 119 297 119
Net: 18
373 144 373 280
325 280 373 280
Net: 2
34 259 34 276
39 276 39 298
68 276 68 319
82 158 82 276
97 125 97 158
121 158 121 172
126 130 126 159
131 159 131 161
82 158 126 158
126 159 131 159
82 268 133 268
25 275 34 275
34 276 82 276
