Net: 34
500 847 506 847
Net: 13
96 688 96 689
100 689 100 701
96 689 100 689
100 701 101 701
Net: 27
454 682 454 683
431 683 454 683
Net: 1
0 10 0 21
25 9 25 10
25 21 25 34
0 10 25 10
0 21 25 21
Net: 9
98 105 98 127
111 121 111 127
98 127 111 127
Net: 10
93 139 93 158
107 158 107 159
93 158 107 158
Net: 4
65 318 65 319
81 319 81 337
65 319 81 319
Net: 32
509 461 509 474
523 464 523 476
528 465 528 467
523 465 528 465
506 474 523 474
522 476 523 476
Net: 12
115 462 115 495
109 495 115 495
Net: 30
505 186 505 213
517 213 517 214
505 213 517 213
Net: 19
182 501 182 504
145 504 182 504
Net: 33
511 663 511 696
495 696 511 696
Net: 29
503 61 503 62
520 62 520 102
503 62 520 62
Net: 31
500 313 500 369
503 369 503 370
504 303 504 313
500 313 504 313
500 369 503 369
Net: 2
7 40 7 46
76 46 76 47
7 46 76 46
Net: 38
736 396 736 450
714 450 736 450
Net: 14
109 846 109 858
111 931 111 932
112 858 112 931
109 858 112 858
108 863 112 863
111 931 112 931
105 932 111 932
Net: 20
159 620 159 680
119 680 159 680
Net: 35
428 959 428 976
528 959 528 976
428 976 528 976
Net: 24
384 130 384 153
467 153 467 154
384 153 467 153
Net: 28
351 825 351 826
447 826 447 836
351 826 447 826
Net: 18
283 212 283 309
271 309 283 309
Net: 8
95 18 95 19
96 15 96 19
97 19 97 39
101 4 101 19
104 33 104 94
109 17 109 18
114 18 114 23
101 10 105 10
101 17 109 17
95 18 96 18
109 18 114 18
95 19 101 19
97 33 112 33
Net: 15
218 2 218 3
328 3 328 10
218 3 328 3
Net: 22
345 6 345 11
407 11 407 12
431 9 431 12
435 9 435 13
454 4 454 5
465 5 465 9
454 5 465 5
431 9 465 9
345 11 407 11
407 12 431 12
Net: 5
65 359 65 433
21 433 65 433
Net: 17
169 114 296 114
Net: 7
21 775 21 892
2 892 21 892
Net: 39
573 582 573 584
612 516 612 582
573 582 612 582
537 584 573 584
Net: 11
96 189 96 196
103 219 103 280
104 174 104 196
108 196 108 197
109 280 109 313
110 224 110 225
115 192 115 224
114 193 115 193
96 196 108 196
108 197 115 197
103 224 115 224
96 245 103 245
100 279 103 279
103 280 109 280
Net: 26
387 539 387 551
418 518 418 550
439 550 439 568
387 550 463 550
350 551 387 551
Net: 25
376 182 376 183
414 183 414 315
376 183 414 183
Net: 23
341 37 341 112
437 112 437 113
341 112 437 112
Net: 6
75 495 75 496
89 496 89 667
75 496 89 496
Net: 37
768 339 768 340
787 340 787 365
926 365 926 378
768 340 787 340
787 365 926 365
Net: 21
200 795 200 925
292 925 292 926
200 925 292 925
Net: 16
244 26 244 90
285 90 285 94
290 90 290 92
312 92 312 106
168 67 244 67
244 90 290 90
290 92 312 92
Net: 3
38 106 38 219
60 219 60 275
77 275 77 277
84 277 84 315
38 219 60 219
26 249 60 249
60 275 77 275
77 277 84 277
Net: 40
558 927 558 928
936 928 936 954
558 928 936 928
Net: 36
550 56 550 198
597 32 597 56
631 198 631 280
720 193 720 280
787 155 787 194
847 93 847 194
899 33 899 93
917 194 917 262
964 139 964 194
998 194 998 238
550 56 597 56
847 93 899 93
720 193 787 193
787 194 998 194
550 198 631 198
594 280 720 280
